#
# There is insufficient memory for the Java Runtime Environment to continue.
# Native memory allocation (malloc) failed to allocate 2014336 bytes. Error detail: Chunk::new
# Possible reasons:
#   The system is out of physical RAM or swap space
#   This process is running with CompressedOops enabled, and the Java Heap may be blocking the growth of the native heap
# Possible solutions:
#   Reduce memory load on the system
#   Increase physical memory or swap space
#   Check if swap backing store is full
#   Decrease Java heap size (-Xmx/-Xms)
#   Decrease number of Java threads
#   Decrease Java thread stack sizes (-Xss)
#   Set larger code cache with -XX:ReservedCodeCacheSize=
#   JVM is running with Unscaled Compressed Oops mode in which the Java heap is
#     placed in the first 4GB address space. The Java Heap base address is the
#     maximum limit for the native heap growth. Please use -XX:HeapBaseMinAddress
#     to set the Java Heap base and to place the Java Heap above 4GB virtual address.
# This output file may be truncated or incomplete.
#
#  Out of Memory Error (arena.cpp:149), pid=11416, tid=4004
#
# JRE version: Java(TM) SE Runtime Environment (23.0+37) (build 23+37-2369)
# Java VM: Java HotSpot(TM) 64-Bit Server VM (23+37-2369, mixed mode, sharing, tiered, compressed oops, compressed class ptrs, g1 gc, windows-amd64)
# No core dump will be written. Minidumps are not enabled by default on client versions of Windows
#

---------------  S U M M A R Y ------------

Command Line: -javaagent:C:\Program Files\JetBrains\IntelliJ IDEA Community Edition 2024.3.1\lib\idea_rt.jar=52740:C:\Program Files\JetBrains\IntelliJ IDEA Community Edition 2024.3.1\bin -Dfile.encoding=UTF-8 -Dsun.stdout.encoding=UTF-8 -Dsun.stderr.encoding=UTF-8 com.dailycodework.seasidehotel.SeaSideHotelApplication

Host: 12th Gen Intel(R) Core(TM) i5-12450H, 12 cores, 7G,  Windows 11 , 64 bit Build 26100 (10.0.26100.7019)
Time: Fri Nov 14 11:09:14 2025 India Standard Time elapsed time: 5.877572 seconds (0d 0h 0m 5s)

---------------  T H R E A D  ---------------

Current thread (0x000002503ecca0f0):  JavaThread "C2 CompilerThread0" daemon [_thread_in_native, id=4004, stack(0x0000009f80c00000,0x0000009f80d00000) (1024K)]


Current CompileTask:
C2:5877 6838       4       org.antlr.v4.runtime.atn.ParserATNSimulator::closureCheckingStopState (244 bytes)

Stack: [0x0000009f80c00000,0x0000009f80d00000]
Native frames: (J=compiled Java code, j=interpreted, Vv=VM code, C=native code)
V  [jvm.dll+0x6e08a9]  (no source info available)
V  [jvm.dll+0x87da63]  (no source info available)
V  [jvm.dll+0x87feee]  (no source info available)
V  [jvm.dll+0x8805c3]  (no source info available)
V  [jvm.dll+0x27aee6]  (no source info available)
V  [jvm.dll+0xbc06f]  (no source info available)
V  [jvm.dll+0xbc2cb]  (no source info available)
V  [jvm.dll+0x3b3a9c]  (no source info available)
V  [jvm.dll+0x38a42b]  (no source info available)
V  [jvm.dll+0x38989a]  (no source info available)
V  [jvm.dll+0x244aa1]  (no source info available)
V  [jvm.dll+0x243dff]  (no source info available)
V  [jvm.dll+0x1c33a0]  (no source info available)
V  [jvm.dll+0x253cf1]  (no source info available)
V  [jvm.dll+0x251faa]  (no source info available)
V  [jvm.dll+0x3ee036]  (no source info available)
V  [jvm.dll+0x824f1b]  (no source info available)
V  [jvm.dll+0x6df055]  (no source info available)
C  [ucrtbase.dll+0x37b0]  (no source info available)
C  [KERNEL32.DLL+0x2e8d7]  (no source info available)
C  [ntdll.dll+0x8c53c]  (no source info available)

Lock stack of current Java thread (top to bottom):


---------------  P R O C E S S  ---------------

Threads class SMR info:
_java_thread_list=0x0000025088b08e60, length=20, elements={
0x0000025021cdbb50, 0x000002503ecc1e50, 0x000002503ecc28b0, 0x000002503ecc5a60,
0x000002503ecc65f0, 0x000002503ecc89a0, 0x000002503ecc9360, 0x000002503ecca0f0,
0x000002503eccc310, 0x000002503ec8bb90, 0x000002508457ec90, 0x000002508457f300,
0x00000250860c1810, 0x00000250860c2530, 0x00000250860c38e0, 0x0000025087359b40,
0x0000025087357930, 0x00000250860c66d0, 0x00000250860c4c90, 0x00000250860c6d60
}

Java Threads: ( => current thread )
  0x0000025021cdbb50 JavaThread "main"                              [_thread_in_Java, id=21760, stack(0x0000009fffe00000,0x0000009ffff00000) (1024K)]
  0x000002503ecc1e50 JavaThread "Reference Handler"          daemon [_thread_blocked, id=5560, stack(0x0000009f80600000,0x0000009f80700000) (1024K)]
  0x000002503ecc28b0 JavaThread "Finalizer"                  daemon [_thread_blocked, id=20980, stack(0x0000009f80700000,0x0000009f80800000) (1024K)]
  0x000002503ecc5a60 JavaThread "Signal Dispatcher"          daemon [_thread_blocked, id=8056, stack(0x0000009f80800000,0x0000009f80900000) (1024K)]
  0x000002503ecc65f0 JavaThread "Attach Listener"            daemon [_thread_blocked, id=12916, stack(0x0000009f80900000,0x0000009f80a00000) (1024K)]
  0x000002503ecc89a0 JavaThread "Service Thread"             daemon [_thread_blocked, id=21808, stack(0x0000009f80a00000,0x0000009f80b00000) (1024K)]
  0x000002503ecc9360 JavaThread "Monitor Deflation Thread"   daemon [_thread_blocked, id=18256, stack(0x0000009f80b00000,0x0000009f80c00000) (1024K)]
=>0x000002503ecca0f0 JavaThread "C2 CompilerThread0"         daemon [_thread_in_native, id=4004, stack(0x0000009f80c00000,0x0000009f80d00000) (1024K)]
  0x000002503eccc310 JavaThread "C1 CompilerThread0"         daemon [_thread_blocked, id=11876, stack(0x0000009f80d00000,0x0000009f80e00000) (1024K)]
  0x000002503ec8bb90 JavaThread "Common-Cleaner"             daemon [_thread_blocked, id=11672, stack(0x0000009f80e00000,0x0000009f80f00000) (1024K)]
  0x000002508457ec90 JavaThread "Monitor Ctrl-Break"         daemon [_thread_in_native, id=13180, stack(0x0000009f81100000,0x0000009f81200000) (1024K)]
  0x000002508457f300 JavaThread "Notification Thread"        daemon [_thread_blocked, id=11524, stack(0x0000009f81200000,0x0000009f81300000) (1024K)]
  0x00000250860c1810 JavaThread "mysql-cj-abandoned-connection-cleanup" daemon [_thread_blocked, id=19496, stack(0x0000009f81e00000,0x0000009f81f00000) (1024K)]
  0x00000250860c2530 JavaThread "HikariPool-1 housekeeper"   daemon [_thread_blocked, id=16424, stack(0x0000009f81000000,0x0000009f81100000) (1024K)]
  0x00000250860c38e0 JavaThread "HikariPool-1 connection adder" daemon [_thread_blocked, id=15904, stack(0x0000009f82000000,0x0000009f82100000) (1024K)]
  0x0000025087359b40 JavaThread "C2 CompilerThread1"         daemon [_thread_in_native, id=17852, stack(0x0000009f80f00000,0x0000009f81000000) (1024K)]
  0x0000025087357930 JavaThread "C2 CompilerThread2"         daemon [_thread_in_native, id=10396, stack(0x0000009f82100000,0x0000009f82200000) (1024K)]
  0x00000250860c66d0 JavaThread "Catalina-utility-1"                [_thread_blocked, id=3820, stack(0x0000009f82200000,0x0000009f82300000) (1024K)]
  0x00000250860c4c90 JavaThread "Catalina-utility-2"                [_thread_blocked, id=20252, stack(0x0000009f82300000,0x0000009f82400000) (1024K)]
  0x00000250860c6d60 JavaThread "container-0"                       [_thread_blocked, id=14080, stack(0x0000009f82400000,0x0000009f82500000) (1024K)]
Total: 20

Other Threads:
  0x000002503ecaa3c0 VMThread "VM Thread"                           [id=18988, stack(0x0000009f80500000,0x0000009f80600000) (1024K)]
  0x000002503ec8ace0 WatcherThread "VM Periodic Task Thread"        [id=4384, stack(0x0000009f80400000,0x0000009f80500000) (1024K)]
  0x0000025021d345b0 WorkerThread "GC Thread#0"                     [id=10456, stack(0x0000009ffff00000,0x000000a000000000) (1024K)]
  0x000002503eca9c60 WorkerThread "GC Thread#1"                     [id=15880, stack(0x0000009f81300000,0x0000009f81400000) (1024K)]
  0x000002503ecaab20 WorkerThread "GC Thread#2"                     [id=16856, stack(0x0000009f81400000,0x0000009f81500000) (1024K)]
  0x000002503eca9500 WorkerThread "GC Thread#3"                     [id=21724, stack(0x0000009f81500000,0x0000009f81600000) (1024K)]
  0x0000025084dde510 WorkerThread "GC Thread#4"                     [id=12936, stack(0x0000009f81600000,0x0000009f81700000) (1024K)]
  0x0000025084dde8c0 WorkerThread "GC Thread#5"                     [id=2652, stack(0x0000009f81700000,0x0000009f81800000) (1024K)]
  0x0000025084ddec70 WorkerThread "GC Thread#6"                     [id=18456, stack(0x0000009f81800000,0x0000009f81900000) (1024K)]
  0x0000025084ddfb30 WorkerThread "GC Thread#7"                     [id=16064, stack(0x0000009f81a00000,0x0000009f81b00000) (1024K)]
  0x0000025084de1500 WorkerThread "GC Thread#8"                     [id=9460, stack(0x0000009f81b00000,0x0000009f81c00000) (1024K)]
  0x0000025084de0640 WorkerThread "GC Thread#9"                     [id=14184, stack(0x0000009f81900000,0x0000009f81a00000) (1024K)]
  0x0000025021d44ab0 ConcurrentGCThread "G1 Main Marker"            [id=7676, stack(0x0000009f80000000,0x0000009f80100000) (1024K)]
  0x0000025021d45ae0 WorkerThread "G1 Conc#0"                       [id=10076, stack(0x0000009f80100000,0x0000009f80200000) (1024K)]
  0x0000025084de09f0 WorkerThread "G1 Conc#1"                       [id=14860, stack(0x0000009f81c00000,0x0000009f81d00000) (1024K)]
  0x0000025086123ef0 WorkerThread "G1 Conc#2"                       [id=19768, stack(0x0000009f81d00000,0x0000009f81e00000) (1024K)]
  0x0000025021d8eae0 ConcurrentGCThread "G1 Refine#0"               [id=19180, stack(0x0000009f80200000,0x0000009f80300000) (1024K)]
  0x000002503eb5d6a0 ConcurrentGCThread "G1 Service"                [id=7044, stack(0x0000009f80300000,0x0000009f80400000) (1024K)]
Total: 18

Threads with active compile tasks:
C2 CompilerThread0  5956 6838       4       org.antlr.v4.runtime.atn.ParserATNSimulator::closureCheckingStopState (244 bytes)
C1 CompilerThread0  5956 7056       2       org.springframework.aop.aspectj.autoproxy.AspectJAwareAdvisorAutoProxyCreator::shouldSkip (74 bytes)
C2 CompilerThread1  5956 6879       4       org.antlr.v4.runtime.atn.PredictionContext::mergeSingletons (392 bytes)
C2 CompilerThread2  5956 6853       4       org.antlr.v4.runtime.atn.ParserATNSimulator::closure_ (311 bytes)
Total: 4

VM state: not at safepoint (normal execution)

VM Mutex/Monitor currently owned by a thread: None

Heap address: 0x0000000085200000, size: 1966 MB, Compressed Oops mode: 32-bit

CDS archive(s) mapped at: [0x000002503f000000-0x000002503fd70000-0x000002503fd70000), size 14090240, SharedBaseAddress: 0x000002503f000000, ArchiveRelocationMode: 1.
Compressed class space mapped at: 0x0000025040000000-0x0000025080000000, reserved size: 1073741824
Narrow klass base: 0x000002503f000000, Narrow klass shift: 0, Narrow klass range: 0x41000000

GC Precious Log:
 CardTable entry size: 512
 Card Set container configuration: InlinePtr #cards 5 size 8 Array Of Cards #cards 10 size 36 Howl #buckets 4 coarsen threshold 1843 Howl Bitmap #cards 512 size 80 coarsen threshold 460 Card regions per heap region 1 cards per card region 2048
 CPUs: 12 total, 12 available
 Memory: 7860M
 Large Page Support: Disabled
 NUMA Support: Disabled
 Compressed Oops: Enabled (32-bit)
 Heap Region Size: 1M
 Heap Min Capacity: 8M
 Heap Initial Capacity: 124M
 Heap Max Capacity: 1966M
 Pre-touch: Disabled
 Parallel Workers: 10
 Concurrent Workers: 3
 Concurrent Refinement Workers: 10
 Periodic GC: Disabled

Heap:
 garbage-first heap   total reserved 2013184K, committed 70656K, used 53610K [0x0000000085200000, 0x0000000100000000)
  region size 1024K, 24 young (24576K), 5 survivors (5120K)
 Metaspace       used 70051K, committed 70656K, reserved 1114112K
  class space    used 9950K, committed 10176K, reserved 1048576K

Heap Regions: E=young(eden), S=young(survivor), O=old, HS=humongous(starts), HC=humongous(continues), CS=collection set, F=free, TAMS=top-at-mark-start, PB=parsable bottom
|   0|0x0000000085200000, 0x0000000085300000, 0x0000000085300000|100%|HS|  |TAMS 0x0000000085200000| PB 0x0000000085200000| Complete |  0
|   1|0x0000000085300000, 0x0000000085400000, 0x0000000085400000|100%| O|  |TAMS 0x0000000085300000| PB 0x0000000085300000| Untracked |  0
|   2|0x0000000085400000, 0x0000000085500000, 0x0000000085500000|100%| O|  |TAMS 0x0000000085400000| PB 0x0000000085400000| Untracked |  0
|   3|0x0000000085500000, 0x0000000085600000, 0x0000000085600000|100%| O|  |TAMS 0x0000000085500000| PB 0x0000000085500000| Untracked |  0
|   4|0x0000000085600000, 0x0000000085700000, 0x0000000085700000|100%| O|  |TAMS 0x0000000085600000| PB 0x0000000085600000| Untracked |  0
|   5|0x0000000085700000, 0x0000000085800000, 0x0000000085800000|100%| O|  |TAMS 0x0000000085700000| PB 0x0000000085700000| Untracked |  0
|   6|0x0000000085800000, 0x0000000085900000, 0x0000000085900000|100%| O|  |TAMS 0x0000000085800000| PB 0x0000000085800000| Untracked |  0
|   7|0x0000000085900000, 0x0000000085a00000, 0x0000000085a00000|100%| O|  |TAMS 0x0000000085900000| PB 0x0000000085900000| Untracked |  0
|   8|0x0000000085a00000, 0x0000000085b00000, 0x0000000085b00000|100%| O|  |TAMS 0x0000000085a00000| PB 0x0000000085a00000| Untracked |  0
|   9|0x0000000085b00000, 0x0000000085c00000, 0x0000000085c00000|100%| O|  |TAMS 0x0000000085b00000| PB 0x0000000085b00000| Untracked |  0
|  10|0x0000000085c00000, 0x0000000085d00000, 0x0000000085d00000|100%| O|  |TAMS 0x0000000085c00000| PB 0x0000000085c00000| Untracked |  0
|  11|0x0000000085d00000, 0x0000000085e00000, 0x0000000085e00000|100%| O|  |TAMS 0x0000000085d00000| PB 0x0000000085d00000| Untracked |  0
|  12|0x0000000085e00000, 0x0000000085f00000, 0x0000000085f00000|100%| O|  |TAMS 0x0000000085e00000| PB 0x0000000085e00000| Untracked |  0
|  13|0x0000000085f00000, 0x0000000086000000, 0x0000000086000000|100%| O|  |TAMS 0x0000000085f00000| PB 0x0000000085f00000| Untracked |  0
|  14|0x0000000086000000, 0x0000000086100000, 0x0000000086100000|100%| O|  |TAMS 0x0000000086000000| PB 0x0000000086000000| Untracked |  0
|  15|0x0000000086100000, 0x0000000086200000, 0x0000000086200000|100%| O|  |TAMS 0x0000000086100000| PB 0x0000000086100000| Untracked |  0
|  16|0x0000000086200000, 0x0000000086300000, 0x0000000086300000|100%| O|Cm|TAMS 0x0000000086200000| PB 0x0000000086200000| Complete |  0
|  17|0x0000000086300000, 0x0000000086400000, 0x0000000086400000|100%| O|  |TAMS 0x0000000086300000| PB 0x0000000086300000| Untracked |  0
|  18|0x0000000086400000, 0x0000000086500000, 0x0000000086500000|100%| O|  |TAMS 0x0000000086400000| PB 0x0000000086400000| Untracked |  0
|  19|0x0000000086500000, 0x0000000086600000, 0x0000000086600000|100%| O|  |TAMS 0x0000000086500000| PB 0x0000000086500000| Untracked |  0
|  20|0x0000000086600000, 0x0000000086700000, 0x0000000086700000|100%| O|  |TAMS 0x0000000086600000| PB 0x0000000086600000| Untracked |  0
|  21|0x0000000086700000, 0x0000000086800000, 0x0000000086800000|100%| O|  |TAMS 0x0000000086700000| PB 0x0000000086700000| Untracked |  0
|  22|0x0000000086800000, 0x0000000086900000, 0x0000000086900000|100%| O|  |TAMS 0x0000000086800000| PB 0x0000000086800000| Untracked |  0
|  23|0x0000000086900000, 0x0000000086a00000, 0x0000000086a00000|100%| O|  |TAMS 0x0000000086900000| PB 0x0000000086900000| Untracked |  0
|  24|0x0000000086a00000, 0x0000000086b00000, 0x0000000086b00000|100%| O|  |TAMS 0x0000000086a00000| PB 0x0000000086a00000| Untracked |  0
|  25|0x0000000086b00000, 0x0000000086c00000, 0x0000000086c00000|100%| O|  |TAMS 0x0000000086b00000| PB 0x0000000086b00000| Untracked |  0
|  26|0x0000000086c00000, 0x0000000086d00000, 0x0000000086d00000|100%| O|  |TAMS 0x0000000086c00000| PB 0x0000000086c00000| Untracked |  0
|  27|0x0000000086d00000, 0x0000000086e00000, 0x0000000086e00000|100%| O|  |TAMS 0x0000000086d00000| PB 0x0000000086d00000| Untracked |  0
|  28|0x0000000086e00000, 0x0000000086f00000, 0x0000000086f00000|100%| O|  |TAMS 0x0000000086e00000| PB 0x0000000086e00000| Untracked |  0
|  29|0x0000000086f00000, 0x0000000086f5abf0, 0x0000000087000000| 35%| O|  |TAMS 0x0000000086f00000| PB 0x0000000086f00000| Untracked |  0
|  30|0x0000000087000000, 0x0000000087100000, 0x0000000087100000|100%| S|CS|TAMS 0x0000000087000000| PB 0x0000000087000000| Complete |  0
|  31|0x0000000087100000, 0x0000000087200000, 0x0000000087200000|100%| S|CS|TAMS 0x0000000087100000| PB 0x0000000087100000| Complete |  0
|  32|0x0000000087200000, 0x0000000087300000, 0x0000000087300000|100%| S|CS|TAMS 0x0000000087200000| PB 0x0000000087200000| Complete |  0
|  33|0x0000000087300000, 0x0000000087300000, 0x0000000087400000|  0%| F|  |TAMS 0x0000000087300000| PB 0x0000000087300000| Untracked |  0
|  34|0x0000000087400000, 0x0000000087500000, 0x0000000087500000|100%| S|CS|TAMS 0x0000000087400000| PB 0x0000000087400000| Complete |  0
|  35|0x0000000087500000, 0x0000000087500000, 0x0000000087600000|  0%| F|  |TAMS 0x0000000087500000| PB 0x0000000087500000| Untracked |  0
|  36|0x0000000087600000, 0x0000000087600000, 0x0000000087700000|  0%| F|  |TAMS 0x0000000087600000| PB 0x0000000087600000| Untracked |  0
|  37|0x0000000087700000, 0x0000000087800000, 0x0000000087800000|100%| S|CS|TAMS 0x0000000087700000| PB 0x0000000087700000| Complete |  0
|  38|0x0000000087800000, 0x0000000087800000, 0x0000000087900000|  0%| F|  |TAMS 0x0000000087800000| PB 0x0000000087800000| Untracked |  0
|  39|0x0000000087900000, 0x0000000087900000, 0x0000000087a00000|  0%| F|  |TAMS 0x0000000087900000| PB 0x0000000087900000| Untracked |  0
|  40|0x0000000087a00000, 0x0000000087a00000, 0x0000000087b00000|  0%| F|  |TAMS 0x0000000087a00000| PB 0x0000000087a00000| Untracked |  0
|  41|0x0000000087b00000, 0x0000000087b00000, 0x0000000087c00000|  0%| F|  |TAMS 0x0000000087b00000| PB 0x0000000087b00000| Untracked |  0
|  42|0x0000000087c00000, 0x0000000087c00000, 0x0000000087d00000|  0%| F|  |TAMS 0x0000000087c00000| PB 0x0000000087c00000| Untracked |  0
|  43|0x0000000087d00000, 0x0000000087d00000, 0x0000000087e00000|  0%| F|  |TAMS 0x0000000087d00000| PB 0x0000000087d00000| Untracked |  0
|  44|0x0000000087e00000, 0x0000000087e00000, 0x0000000087f00000|  0%| F|  |TAMS 0x0000000087e00000| PB 0x0000000087e00000| Untracked |  0
|  45|0x0000000087f00000, 0x0000000087f00000, 0x0000000088000000|  0%| F|  |TAMS 0x0000000087f00000| PB 0x0000000087f00000| Untracked |  0
|  46|0x0000000088000000, 0x0000000088000000, 0x0000000088100000|  0%| F|  |TAMS 0x0000000088000000| PB 0x0000000088000000| Untracked |  0
|  47|0x0000000088100000, 0x0000000088100000, 0x0000000088200000|  0%| F|  |TAMS 0x0000000088100000| PB 0x0000000088100000| Untracked |  0
|  48|0x0000000088200000, 0x0000000088200000, 0x0000000088300000|  0%| F|  |TAMS 0x0000000088200000| PB 0x0000000088200000| Untracked |  0
|  49|0x0000000088300000, 0x0000000088300000, 0x0000000088400000|  0%| F|  |TAMS 0x0000000088300000| PB 0x0000000088300000| Untracked |  0
|  50|0x0000000088400000, 0x0000000088480000, 0x0000000088500000| 50%| E|  |TAMS 0x0000000088400000| PB 0x0000000088400000| Complete |  0
|  51|0x0000000088500000, 0x0000000088600000, 0x0000000088600000|100%| E|CS|TAMS 0x0000000088500000| PB 0x0000000088500000| Complete |  0
|  52|0x0000000088600000, 0x0000000088700000, 0x0000000088700000|100%| E|CS|TAMS 0x0000000088600000| PB 0x0000000088600000| Complete |  0
|  53|0x0000000088700000, 0x0000000088800000, 0x0000000088800000|100%| E|CS|TAMS 0x0000000088700000| PB 0x0000000088700000| Complete |  0
|  54|0x0000000088800000, 0x0000000088900000, 0x0000000088900000|100%| E|CS|TAMS 0x0000000088800000| PB 0x0000000088800000| Complete |  0
|  55|0x0000000088900000, 0x0000000088a00000, 0x0000000088a00000|100%| E|CS|TAMS 0x0000000088900000| PB 0x0000000088900000| Complete |  0
|  56|0x0000000088a00000, 0x0000000088b00000, 0x0000000088b00000|100%| E|CS|TAMS 0x0000000088a00000| PB 0x0000000088a00000| Complete |  0
|  57|0x0000000088b00000, 0x0000000088c00000, 0x0000000088c00000|100%| E|CS|TAMS 0x0000000088b00000| PB 0x0000000088b00000| Complete |  0
|  58|0x0000000088c00000, 0x0000000088d00000, 0x0000000088d00000|100%| E|CS|TAMS 0x0000000088c00000| PB 0x0000000088c00000| Complete |  0
|  59|0x0000000088d00000, 0x0000000088e00000, 0x0000000088e00000|100%| E|CS|TAMS 0x0000000088d00000| PB 0x0000000088d00000| Complete |  0
|  60|0x0000000088e00000, 0x0000000088f00000, 0x0000000088f00000|100%| E|CS|TAMS 0x0000000088e00000| PB 0x0000000088e00000| Complete |  0
|  61|0x0000000088f00000, 0x0000000089000000, 0x0000000089000000|100%| E|CS|TAMS 0x0000000088f00000| PB 0x0000000088f00000| Complete |  0
|  76|0x0000000089e00000, 0x0000000089f00000, 0x0000000089f00000|100%| E|CS|TAMS 0x0000000089e00000| PB 0x0000000089e00000| Complete |  0
|  77|0x0000000089f00000, 0x000000008a000000, 0x000000008a000000|100%| E|CS|TAMS 0x0000000089f00000| PB 0x0000000089f00000| Complete |  0
|  78|0x000000008a000000, 0x000000008a100000, 0x000000008a100000|100%| E|CS|TAMS 0x000000008a000000| PB 0x000000008a000000| Complete |  0
|  79|0x000000008a100000, 0x000000008a200000, 0x000000008a200000|100%| E|CS|TAMS 0x000000008a100000| PB 0x000000008a100000| Complete |  0
|  80|0x000000008a200000, 0x000000008a300000, 0x000000008a300000|100%| E|CS|TAMS 0x000000008a200000| PB 0x000000008a200000| Complete |  0
|  81|0x000000008a300000, 0x000000008a400000, 0x000000008a400000|100%| E|CS|TAMS 0x000000008a300000| PB 0x000000008a300000| Complete |  0
| 123|0x000000008cd00000, 0x000000008ce00000, 0x000000008ce00000|100%| E|CS|TAMS 0x000000008cd00000| PB 0x000000008cd00000| Complete |  0

Card table byte_map: [0x0000025039d40000,0x000002503a120000] _byte_map_base: 0x0000025039917000

Marking Bits: (CMBitMap*) 0x0000025021d34bc0
 Bits: [0x000002503a120000, 0x000002503bfd8000)

Polling page: 0x000002501fa80000

Metaspace:

Usage:
  Non-class:     58.70 MB used.
      Class:      9.72 MB used.
       Both:     68.42 MB used.

Virtual space:
  Non-class space:       64.00 MB reserved,      59.06 MB ( 92%) committed,  1 nodes.
      Class space:        1.00 GB reserved,       9.94 MB ( <1%) committed,  1 nodes.
             Both:        1.06 GB reserved,      69.00 MB (  6%) committed. 

Chunk freelists:
   Non-Class:  4.39 MB
       Class:  6.07 MB
        Both:  10.46 MB

MaxMetaspaceSize: unlimited
CompressedClassSpaceSize: 1.00 GB
Initial GC threshold: 21.00 MB
Current GC threshold: 113.12 MB
CDS: on
 - commit_granule_bytes: 65536.
 - commit_granule_words: 8192.
 - virtual_space_node_default_size: 8388608.
 - enlarge_chunks_in_place: 1.
 - use_allocation_guard: 0.


Internal statistics:

num_allocs_failed_limit: 9.
num_arena_births: 846.
num_arena_deaths: 0.
num_vsnodes_births: 2.
num_vsnodes_deaths: 0.
num_space_committed: 1104.
num_space_uncommitted: 0.
num_chunks_returned_to_freelist: 9.
num_chunks_taken_from_freelist: 3215.
num_chunk_merges: 9.
num_chunk_splits: 2332.
num_chunks_enlarged: 1827.
num_inconsistent_stats: 0.

CodeHeap 'non-profiled nmethods': size=120064Kb used=2854Kb max_used=2854Kb free=117209Kb
 bounds [0x0000025031ec0000, 0x00000250321a0000, 0x0000025039400000]
CodeHeap 'profiled nmethods': size=120000Kb used=8736Kb max_used=8943Kb free=111263Kb
 bounds [0x000002502a400000, 0x000002502acc0000, 0x0000025031930000]
CodeHeap 'non-nmethods': size=5696Kb used=1720Kb max_used=1792Kb free=3975Kb
 bounds [0x0000025031930000, 0x0000025031ba0000, 0x0000025031ec0000]
CodeCache: size=245760Kb, used=13310Kb, max_used=13589Kb, free=232447Kb
 total_blobs=6774, nmethods=6012, adapters=667, full_count=0
Compilation: enabled, stopped_count=0, restarted_count=0

Compilation events (20 events):
Event: 5.867 Thread 0x000002503eccc310 6927       1       org.springframework.aop.framework.ProxyConfig::isOpaque (5 bytes)
Event: 5.867 Thread 0x000002503eccc310 nmethod 6927 0x0000025032003888 code [0x00000250320039a0, 0x0000025032003a70]
Event: 5.868 Thread 0x000002503eccc310 6931       1       org.springframework.cglib.core.Local::getType (5 bytes)
Event: 5.868 Thread 0x000002503eccc310 nmethod 6931 0x0000025032110d08 code [0x0000025032110e20, 0x0000025032110ee8]
Event: 5.868 Thread 0x000002503eccc310 6932       1       org.springframework.cglib.core.Local::getIndex (5 bytes)
Event: 5.868 Thread 0x000002503eccc310 nmethod 6932 0x0000025032124488 code [0x00000250321245a0, 0x0000025032124668]
Event: 5.868 Thread 0x000002503eccc310 6926       1       org.springframework.core.MethodParameter::initParameterNameDiscovery (6 bytes)
Event: 5.868 Thread 0x000002503eccc310 nmethod 6926 0x0000025032124188 code [0x00000250321242a0, 0x00000250321243b8]
Event: 5.869 Thread 0x000002503eccc310 6936       2       org.springframework.beans.PropertyDescriptorUtils$BasicPropertyDescriptor::getWriteMethod (104 bytes)
Event: 5.870 Thread 0x000002503eccc310 nmethod 6936 0x000002502a665788 code [0x000002502a665940, 0x000002502a665de8]
Event: 5.870 Thread 0x000002503eccc310 6937       2       java.lang.reflect.Array::newInstance (6 bytes)
Event: 5.870 Thread 0x000002503eccc310 nmethod 6937 0x000002502a5ed708 code [0x000002502a5ed820, 0x000002502a5ed920]
Event: 5.870 Thread 0x000002503eccc310 6938       2       org.springframework.beans.factory.support.AbstractBeanDefinition::getPropertyValues (24 bytes)
Event: 5.870 Thread 0x000002503eccc310 nmethod 6938 0x000002502a6c2608 code [0x000002502a6c2740, 0x000002502a6c2a10]
Event: 5.871 Thread 0x000002503eccc310 6939       2       org.springframework.beans.factory.InjectionPoint::getAnnotations (39 bytes)
Event: 5.871 Thread 0x000002503eccc310 nmethod 6939 0x000002502ab8e508 code [0x000002502ab8e680, 0x000002502ab8ea30]
Event: 5.871 Thread 0x000002503eccc310 6940       2       ch.qos.logback.core.pattern.Converter::write (11 bytes)
Event: 5.871 Thread 0x000002503eccc310 nmethod 6940 0x000002502a5fd108 code [0x000002502a5fd240, 0x000002502a5fd3a8]
Event: 5.871 Thread 0x000002503eccc310 6941       2       ch.qos.logback.core.pattern.LiteralConverter::convert (5 bytes)
Event: 5.872 Thread 0x000002503eccc310 nmethod 6941 0x000002502a615308 code [0x000002502a615420, 0x000002502a615528]

GC Heap History (20 events):
Event: 3.212 GC heap before
{Heap before GC invocations=7 (full 0):
 garbage-first heap   total reserved 2013184K, committed 48128K, used 36558K [0x0000000085200000, 0x0000000100000000)
  region size 1024K, 20 young (20480K), 2 survivors (2048K)
 Metaspace       used 35507K, committed 35968K, reserved 1114112K
  class space    used 4701K, committed 4928K, reserved 1048576K
}
Event: 3.215 GC heap after
{Heap after GC invocations=8 (full 0):
 garbage-first heap   total reserved 2013184K, committed 58368K, used 20404K [0x0000000085200000, 0x0000000100000000)
  region size 1024K, 2 young (2048K), 2 survivors (2048K)
 Metaspace       used 35507K, committed 35968K, reserved 1114112K
  class space    used 4701K, committed 4928K, reserved 1048576K
}
Event: 4.002 GC heap before
{Heap before GC invocations=9 (full 0):
 garbage-first heap   total reserved 2013184K, committed 58368K, used 46004K [0x0000000085200000, 0x0000000100000000)
  region size 1024K, 27 young (27648K), 2 survivors (2048K)
 Metaspace       used 46119K, committed 46656K, reserved 1114112K
  class space    used 6137K, committed 6400K, reserved 1048576K
}
Event: 4.007 GC heap after
{Heap after GC invocations=10 (full 0):
 garbage-first heap   total reserved 2013184K, committed 58368K, used 22962K [0x0000000085200000, 0x0000000100000000)
  region size 1024K, 4 young (4096K), 4 survivors (4096K)
 Metaspace       used 46119K, committed 46656K, reserved 1114112K
  class space    used 6137K, committed 6400K, reserved 1048576K
}
Event: 4.338 GC heap before
{Heap before GC invocations=10 (full 0):
 garbage-first heap   total reserved 2013184K, committed 58368K, used 46514K [0x0000000085200000, 0x0000000100000000)
  region size 1024K, 28 young (28672K), 4 survivors (4096K)
 Metaspace       used 52778K, committed 53376K, reserved 1114112K
  class space    used 7112K, committed 7360K, reserved 1048576K
}
Event: 4.343 GC heap after
{Heap after GC invocations=11 (full 0):
 garbage-first heap   total reserved 2013184K, committed 58368K, used 24142K [0x0000000085200000, 0x0000000100000000)
  region size 1024K, 2 young (2048K), 2 survivors (2048K)
 Metaspace       used 52778K, committed 53376K, reserved 1114112K
  class space    used 7112K, committed 7360K, reserved 1048576K
}
Event: 4.685 GC heap before
{Heap before GC invocations=11 (full 0):
 garbage-first heap   total reserved 2013184K, committed 58368K, used 48718K [0x0000000085200000, 0x0000000100000000)
  region size 1024K, 26 young (26624K), 2 survivors (2048K)
 Metaspace       used 59151K, committed 59712K, reserved 1114112K
  class space    used 8147K, committed 8384K, reserved 1048576K
}
Event: 4.688 GC heap after
{Heap after GC invocations=12 (full 0):
 garbage-first heap   total reserved 2013184K, committed 58368K, used 25061K [0x0000000085200000, 0x0000000100000000)
  region size 1024K, 3 young (3072K), 3 survivors (3072K)
 Metaspace       used 59151K, committed 59712K, reserved 1114112K
  class space    used 8147K, committed 8384K, reserved 1048576K
}
Event: 4.705 GC heap before
{Heap before GC invocations=12 (full 0):
 garbage-first heap   total reserved 2013184K, committed 58368K, used 26085K [0x0000000085200000, 0x0000000100000000)
  region size 1024K, 5 young (5120K), 3 survivors (3072K)
 Metaspace       used 59538K, committed 60096K, reserved 1114112K
  class space    used 8209K, committed 8448K, reserved 1048576K
}
Event: 4.709 GC heap after
{Heap after GC invocations=13 (full 0):
 garbage-first heap   total reserved 2013184K, committed 58368K, used 25242K [0x0000000085200000, 0x0000000100000000)
  region size 1024K, 2 young (2048K), 2 survivors (2048K)
 Metaspace       used 59538K, committed 60096K, reserved 1114112K
  class space    used 8209K, committed 8448K, reserved 1048576K
}
Event: 5.054 GC heap before
{Heap before GC invocations=14 (full 0):
 garbage-first heap   total reserved 2013184K, committed 58368K, used 49818K [0x0000000085200000, 0x0000000100000000)
  region size 1024K, 27 young (27648K), 2 survivors (2048K)
 Metaspace       used 62848K, committed 63488K, reserved 1114112K
  class space    used 8700K, committed 8960K, reserved 1048576K
}
Event: 5.058 GC heap after
{Heap after GC invocations=15 (full 0):
 garbage-first heap   total reserved 2013184K, committed 58368K, used 26865K [0x0000000085200000, 0x0000000100000000)
  region size 1024K, 3 young (3072K), 3 survivors (3072K)
 Metaspace       used 62848K, committed 63488K, reserved 1114112K
  class space    used 8700K, committed 8960K, reserved 1048576K
}
Event: 5.287 GC heap before
{Heap before GC invocations=15 (full 0):
 garbage-first heap   total reserved 2013184K, committed 58368K, used 50417K [0x0000000085200000, 0x0000000100000000)
  region size 1024K, 26 young (26624K), 3 survivors (3072K)
 Metaspace       used 64502K, committed 65152K, reserved 1114112K
  class space    used 8944K, committed 9216K, reserved 1048576K
}
Event: 5.290 GC heap after
{Heap after GC invocations=16 (full 0):
 garbage-first heap   total reserved 2013184K, committed 58368K, used 27881K [0x0000000085200000, 0x0000000100000000)
  region size 1024K, 3 young (3072K), 3 survivors (3072K)
 Metaspace       used 64502K, committed 65152K, reserved 1114112K
  class space    used 8944K, committed 9216K, reserved 1048576K
}
Event: 5.543 GC heap before
{Heap before GC invocations=16 (full 0):
 garbage-first heap   total reserved 2013184K, committed 58368K, used 50409K [0x0000000085200000, 0x0000000100000000)
  region size 1024K, 25 young (25600K), 3 survivors (3072K)
 Metaspace       used 67365K, committed 67968K, reserved 1114112K
  class space    used 9488K, committed 9728K, reserved 1048576K
}
Event: 5.546 GC heap after
{Heap after GC invocations=17 (full 0):
 garbage-first heap   total reserved 2013184K, committed 58368K, used 29530K [0x0000000085200000, 0x0000000100000000)
  region size 1024K, 3 young (3072K), 3 survivors (3072K)
 Metaspace       used 67365K, committed 67968K, reserved 1114112K
  class space    used 9488K, committed 9728K, reserved 1048576K
}
Event: 5.717 GC heap before
{Heap before GC invocations=17 (full 0):
 garbage-first heap   total reserved 2013184K, committed 58368K, used 48986K [0x0000000085200000, 0x0000000100000000)
  region size 1024K, 23 young (23552K), 3 survivors (3072K)
 Metaspace       used 68919K, committed 69504K, reserved 1114112K
  class space    used 9732K, committed 9984K, reserved 1048576K
}
Event: 5.720 GC heap after
{Heap after GC invocations=18 (full 0):
 garbage-first heap   total reserved 2013184K, committed 70656K, used 30654K [0x0000000085200000, 0x0000000100000000)
  region size 1024K, 3 young (3072K), 3 survivors (3072K)
 Metaspace       used 68919K, committed 69504K, reserved 1114112K
  class space    used 9732K, committed 9984K, reserved 1048576K
}
Event: 5.806 GC heap before
{Heap before GC invocations=19 (full 0):
 garbage-first heap   total reserved 2013184K, committed 70656K, used 62398K [0x0000000085200000, 0x0000000100000000)
  region size 1024K, 34 young (34816K), 3 survivors (3072K)
 Metaspace       used 68931K, committed 69504K, reserved 1114112K
  class space    used 9733K, committed 9984K, reserved 1048576K
}
Event: 5.810 GC heap after
{Heap after GC invocations=20 (full 0):
 garbage-first heap   total reserved 2013184K, committed 70656K, used 35178K [0x0000000085200000, 0x0000000100000000)
  region size 1024K, 5 young (5120K), 5 survivors (5120K)
 Metaspace       used 68931K, committed 69504K, reserved 1114112K
  class space    used 9733K, committed 9984K, reserved 1048576K
}

Dll operation events (14 events):
Event: 0.015 Loaded shared library C:\Program Files\Java\jdk-23\bin\java.dll
Event: 0.041 Loaded shared library C:\Program Files\Java\jdk-23\bin\jsvml.dll
Event: 0.172 Loaded shared library C:\Program Files\Java\jdk-23\bin\zip.dll
Event: 0.176 Loaded shared library C:\Program Files\Java\jdk-23\bin\instrument.dll
Event: 0.180 Loaded shared library C:\Program Files\Java\jdk-23\bin\net.dll
Event: 0.182 Loaded shared library C:\Program Files\Java\jdk-23\bin\nio.dll
Event: 0.184 Loaded shared library C:\Program Files\Java\jdk-23\bin\zip.dll
Event: 0.311 Loaded shared library C:\Program Files\JetBrains\IntelliJ IDEA Community Edition 2024.3.1\bin\breakgen64.dll
Event: 0.323 Loaded shared library C:\Program Files\Java\jdk-23\bin\extnet.dll
Event: 0.349 Loaded shared library C:\Program Files\Java\jdk-23\bin\jimage.dll
Event: 2.831 Loaded shared library C:\Program Files\Java\jdk-23\bin\sunmscapi.dll
Event: 2.837 Loaded shared library C:\Program Files\Java\jdk-23\bin\management.dll
Event: 2.839 Loaded shared library C:\Program Files\Java\jdk-23\bin\management_ext.dll
Event: 3.259 Loaded shared library C:\Program Files\Java\jdk-23\bin\verify.dll

Deoptimization events (20 events):
Event: 5.770 Thread 0x0000025021cdbb50 Uncommon trap: trap_request=0xffffff45 fr.pc=0x000002503212e404 relative=0x00000000000001c4
Event: 5.770 Thread 0x0000025021cdbb50 Uncommon trap: reason=unstable_if action=reinterpret pc=0x000002503212e404 method=java.util.HashMap.getNode(Ljava/lang/Object;)Ljava/util/HashMap$Node; @ 66 c2
Event: 5.770 Thread 0x0000025021cdbb50 DEOPT PACKING pc=0x000002503212e404 sp=0x0000009fffefa560
Event: 5.770 Thread 0x0000025021cdbb50 DEOPT UNPACKING pc=0x0000025031984402 sp=0x0000009fffefa460 mode 2
Event: 5.782 Thread 0x0000025021cdbb50 Uncommon trap: trap_request=0xffffffd6 fr.pc=0x000002503210fb8c relative=0x000000000000136c
Event: 5.782 Thread 0x0000025021cdbb50 Uncommon trap: reason=array_check action=maybe_recompile pc=0x000002503210fb8c method=org.antlr.v4.runtime.misc.Array2DHashSet.getOrAddImpl(Ljava/lang/Object;)Ljava/lang/Object; @ 133 c2
Event: 5.782 Thread 0x0000025021cdbb50 DEOPT PACKING pc=0x000002503210fb8c sp=0x0000009fffef8950
Event: 5.782 Thread 0x0000025021cdbb50 DEOPT UNPACKING pc=0x0000025031984402 sp=0x0000009fffef8930 mode 2
Event: 5.782 Thread 0x0000025021cdbb50 Uncommon trap: trap_request=0xffffffd6 fr.pc=0x000002503210fb8c relative=0x000000000000136c
Event: 5.782 Thread 0x0000025021cdbb50 Uncommon trap: reason=array_check action=maybe_recompile pc=0x000002503210fb8c method=org.antlr.v4.runtime.misc.Array2DHashSet.getOrAddImpl(Ljava/lang/Object;)Ljava/lang/Object; @ 133 c2
Event: 5.782 Thread 0x0000025021cdbb50 DEOPT PACKING pc=0x000002503210fb8c sp=0x0000009fffef8c90
Event: 5.782 Thread 0x0000025021cdbb50 DEOPT UNPACKING pc=0x0000025031984402 sp=0x0000009fffef8c70 mode 2
Event: 5.843 Thread 0x0000025021cdbb50 Uncommon trap: trap_request=0xffffff45 fr.pc=0x000002503202f048 relative=0x00000000000011c8
Event: 5.844 Thread 0x0000025021cdbb50 Uncommon trap: reason=unstable_if action=reinterpret pc=0x000002503202f048 method=org.springframework.aop.support.annotation.AnnotationMethodMatcher.matches(Ljava/lang/reflect/Method;Ljava/lang/Class;)Z @ 5 c2
Event: 5.844 Thread 0x0000025021cdbb50 DEOPT PACKING pc=0x000002503202f048 sp=0x0000009fffefe320
Event: 5.844 Thread 0x0000025021cdbb50 DEOPT UNPACKING pc=0x0000025031984402 sp=0x0000009fffefe300 mode 2
Event: 5.844 Thread 0x0000025021cdbb50 Uncommon trap: trap_request=0xffffff45 fr.pc=0x00000250320a9e14 relative=0x0000000000001b54
Event: 5.844 Thread 0x0000025021cdbb50 Uncommon trap: reason=unstable_if action=reinterpret pc=0x00000250320a9e14 method=org.springframework.aop.support.MethodMatchers$UnionMethodMatcher.matches(Ljava/lang/reflect/Method;Ljava/lang/Class;)Z @ 19 c2
Event: 5.844 Thread 0x0000025021cdbb50 DEOPT PACKING pc=0x00000250320a9e14 sp=0x0000009fffefe3b0
Event: 5.844 Thread 0x0000025021cdbb50 DEOPT UNPACKING pc=0x0000025031984402 sp=0x0000009fffefe398 mode 2

Classes loaded (20 events):
Event: 5.207 Loading class sun/reflect/ReflectionFactory$1
Event: 5.207 Loading class sun/reflect/ReflectionFactory$1 done
Event: 5.207 Loading class java/io/OptionalDataException
Event: 5.207 Loading class java/io/OptionalDataException done
Event: 5.245 Loading class java/util/Base64
Event: 5.245 Loading class java/util/Base64 done
Event: 5.245 Loading class java/util/Base64$Encoder
Event: 5.246 Loading class java/util/Base64$Encoder done
Event: 5.249 Loading class javax/crypto/SecretKeyFactory
Event: 5.250 Loading class javax/crypto/SecretKeyFactory done
Event: 5.250 Loading class com/sun/crypto/provider/PBKDF2Core$HmacSHA256
Event: 5.250 Loading class com/sun/crypto/provider/PBKDF2Core
Event: 5.251 Loading class javax/crypto/SecretKeyFactorySpi
Event: 5.251 Loading class javax/crypto/SecretKeyFactorySpi done
Event: 5.251 Loading class com/sun/crypto/provider/PBKDF2Core done
Event: 5.251 Loading class com/sun/crypto/provider/PBKDF2Core$HmacSHA256 done
Event: 5.342 Loading class java/util/EmptyStackException
Event: 5.342 Loading class java/util/EmptyStackException done
Event: 5.358 Loading class java/io/InvalidClassException
Event: 5.358 Loading class java/io/InvalidClassException done

Classes unloaded (0 events):
No events

Classes redefined (0 events):
No events

Internal exceptions (20 events):
Event: 4.660 Thread 0x0000025021cdbb50 Exception <a 'java/lang/NoSuchMethodError'{0x0000000087459868}: 'java.lang.Object java.lang.invoke.DirectMethodHandle$Holder.newInvokeSpecial(java.lang.Object, java.lang.Object, java.lang.Object, java.lang.Object, java.lang.Object, java.lang.Object, java.lang.Object, int)'> (0x0000000087459868) 
thrown [s\open\src\hotspot\share\interpreter\linkResolver.cpp, line 796]
Event: 4.661 Thread 0x0000025021cdbb50 Exception <a 'java/lang/NoSuchMethodError'{0x000000008745e5d8}: 'java.lang.Object java.lang.invoke.DirectMethodHandle$Holder.invokeSpecial(java.lang.Object, java.lang.Object, java.lang.Object, java.lang.Object, java.lang.Object, java.lang.Object, java.lang.Object, java.lang.Object, int)'> (0x000000008745e5d8) 
thrown [s\open\src\hotspot\share\interpreter\linkResolver.cpp, line 796]
Event: 4.661 Thread 0x0000025021cdbb50 Exception <a 'java/lang/NoSuchMethodError'{0x0000000087462dd0}: 'java.lang.Object java.lang.invoke.Invokers$Holder.linkToTargetMethod(java.lang.Object, java.lang.Object, java.lang.Object, java.lang.Object, java.lang.Object, java.lang.Object, int, java.lang.Object)'> (0x0000000087462dd0) 
thrown [s\open\src\hotspot\share\interpreter\linkResolver.cpp, line 796]
Event: 4.674 Thread 0x0000025021cdbb50 Exception <a 'java/lang/NoSuchMethodError'{0x0000000087346d68}: 'java.lang.Object java.lang.invoke.DirectMethodHandle$Holder.newInvokeSpecial(java.lang.Object, java.lang.Object, int, java.lang.Object, int, java.lang.Object, java.lang.Object)'> (0x0000000087346d68) 
thrown [s\open\src\hotspot\share\interpreter\linkResolver.cpp, line 796]
Event: 4.681 Thread 0x0000025021cdbb50 Exception <a 'java/lang/NoSuchMethodError'{0x00000000873b58c8}: 'void java.lang.invoke.DirectMethodHandle$Holder.invokeInterface(java.lang.Object, java.lang.Object)'> (0x00000000873b58c8) 
thrown [s\open\src\hotspot\share\interpreter\linkResolver.cpp, line 796]
Event: 4.797 Thread 0x0000025021cdbb50 Exception <a 'java/lang/NoSuchMethodError'{0x000000008a02f370}: 'java.lang.Object java.lang.invoke.DirectMethodHandle$Holder.invokeSpecial(java.lang.Object, java.lang.Object, int, java.lang.Object, int)'> (0x000000008a02f370) 
thrown [s\open\src\hotspot\share\interpreter\linkResolver.cpp, line 796]
Event: 4.854 Thread 0x0000025021cdbb50 Exception <a 'java/lang/IncompatibleClassChangeError'{0x000000008815dde8}: Found class java.lang.Object, but interface was expected> (0x000000008815dde8) 
thrown [s\open\src\hotspot\share\interpreter\linkResolver.cpp, line 863]
Event: 4.856 Thread 0x0000025021cdbb50 Implicit null exception at 0x00000250320b15af to 0x00000250320b3328
Event: 4.861 Thread 0x0000025021cdbb50 Exception <a 'java/lang/IncompatibleClassChangeError'{0x00000000881d7d20}: Found class java.lang.Object, but interface was expected> (0x00000000881d7d20) 
thrown [s\open\src\hotspot\share\interpreter\linkResolver.cpp, line 863]
Event: 4.878 Thread 0x0000025021cdbb50 Implicit null exception at 0x00000250320f69f3 to 0x00000250320f6c64
Event: 4.884 Thread 0x0000025021cdbb50 Exception <a 'java/lang/IncompatibleClassChangeError'{0x0000000087fb6a50}: Found class java.lang.Object, but interface was expected> (0x0000000087fb6a50) 
thrown [s\open\src\hotspot\share\interpreter\linkResolver.cpp, line 863]
Event: 4.984 Thread 0x0000025021cdbb50 Exception <a 'java/lang/IncompatibleClassChangeError'{0x00000000879f37b0}: Found class java.lang.Object, but interface was expected> (0x00000000879f37b0) 
thrown [s\open\src\hotspot\share\interpreter\linkResolver.cpp, line 863]
Event: 5.050 Thread 0x0000025021cdbb50 Exception <a 'java/lang/NoSuchMethodError'{0x00000000870bdc70}: 'java.lang.Object java.lang.invoke.DirectMethodHandle$Holder.newInvokeSpecial(java.lang.Object, java.lang.Object, int)'> (0x00000000870bdc70) 
thrown [s\open\src\hotspot\share\interpreter\linkResolver.cpp, line 796]
Event: 5.053 Thread 0x0000025021cdbb50 Exception <a 'java/lang/IncompatibleClassChangeError'{0x00000000870e8790}: Found class java.lang.Object, but interface was expected> (0x00000000870e8790) 
thrown [s\open\src\hotspot\share\interpreter\linkResolver.cpp, line 863]
Event: 5.084 Thread 0x0000025021cdbb50 Exception <a 'java/lang/NoSuchMethodError'{0x000000008a34a768}: 'java.lang.Object java.lang.invoke.DirectMethodHandle$Holder.invokeStatic(java.lang.Object, int, java.lang.Object)'> (0x000000008a34a768) 
thrown [s\open\src\hotspot\share\interpreter\linkResolver.cpp, line 796]
Event: 5.114 Thread 0x0000025021cdbb50 Exception <a 'java/lang/NoSuchMethodError'{0x000000008a1dea70}: 'void java.lang.invoke.Invokers$Holder.invokeExact_MT(java.lang.Object, java.lang.Object, int, java.lang.Object)'> (0x000000008a1dea70) 
thrown [s\open\src\hotspot\share\interpreter\linkResolver.cpp, line 796]
Event: 5.142 Thread 0x0000025021cdbb50 Exception <a 'java/lang/NoSuchMethodError'{0x0000000089fe2ee0}: 'long java.lang.invoke.DirectMethodHandle$Holder.invokeVirtual(java.lang.Object, java.lang.Object)'> (0x0000000089fe2ee0) 
thrown [s\open\src\hotspot\share\interpreter\linkResolver.cpp, line 796]
Event: 5.260 Thread 0x0000025021cdbb50 Implicit null exception at 0x0000025031fa4e4c to 0x0000025031fa4f1a
Event: 5.633 Thread 0x0000025021cdbb50 Implicit null exception at 0x0000025032081fc1 to 0x0000025032082118
Event: 5.634 Thread 0x0000025021cdbb50 Exception <a 'java/lang/NoSuchMethodError'{0x00000000883a0378}: 'int java.lang.invoke.DirectMethodHandle$Holder.invokeStatic(java.lang.Object)'> (0x00000000883a0378) 
thrown [s\open\src\hotspot\share\interpreter\linkResolver.cpp, line 796]

VM Operations (20 events):
Event: 5.147 Executing VM operation: HandshakeAllThreads (Deoptimize)
Event: 5.147 Executing VM operation: HandshakeAllThreads (Deoptimize) done
Event: 5.249 Executing VM operation: HandshakeAllThreads (Deoptimize)
Event: 5.249 Executing VM operation: HandshakeAllThreads (Deoptimize) done
Event: 5.287 Executing VM operation: G1CollectForAllocation (G1 Evacuation Pause)
Event: 5.290 Executing VM operation: G1CollectForAllocation (G1 Evacuation Pause) done
Event: 5.459 Executing VM operation: HandshakeAllThreads (Deoptimize)
Event: 5.459 Executing VM operation: HandshakeAllThreads (Deoptimize) done
Event: 5.543 Executing VM operation: G1CollectForAllocation (G1 Evacuation Pause)
Event: 5.546 Executing VM operation: G1CollectForAllocation (G1 Evacuation Pause) done
Event: 5.717 Executing VM operation: G1CollectForAllocation (G1 Evacuation Pause)
Event: 5.720 Executing VM operation: G1CollectForAllocation (G1 Evacuation Pause) done
Event: 5.732 Executing VM operation: G1PauseRemark
Event: 5.734 Executing VM operation: G1PauseRemark done
Event: 5.739 Executing VM operation: G1PauseCleanup
Event: 5.739 Executing VM operation: G1PauseCleanup done
Event: 5.806 Executing VM operation: G1CollectForAllocation (G1 Evacuation Pause)
Event: 5.810 Executing VM operation: G1CollectForAllocation (G1 Evacuation Pause) done
Event: 5.830 Executing VM operation: HandshakeAllThreads (Deoptimize)
Event: 5.830 Executing VM operation: HandshakeAllThreads (Deoptimize) done

Memory protections (0 events):
No events

Nmethod flushes (20 events):
Event: 5.733 Thread 0x000002503ecaa3c0 flushing  nmethod 0x000002502a491288
Event: 5.733 Thread 0x000002503ecaa3c0 flushing  nmethod 0x000002502a4de008
Event: 5.733 Thread 0x000002503ecaa3c0 flushing  nmethod 0x000002502a4df408
Event: 5.733 Thread 0x000002503ecaa3c0 flushing  nmethod 0x000002502a4e0a88
Event: 5.733 Thread 0x000002503ecaa3c0 flushing  nmethod 0x000002502a525508
Event: 5.733 Thread 0x000002503ecaa3c0 flushing  nmethod 0x000002502a551a88
Event: 5.733 Thread 0x000002503ecaa3c0 flushing  nmethod 0x000002502a57c708
Event: 5.733 Thread 0x000002503ecaa3c0 flushing  nmethod 0x000002502a57de08
Event: 5.733 Thread 0x000002503ecaa3c0 flushing  nmethod 0x000002502a677588
Event: 5.733 Thread 0x000002503ecaa3c0 flushing  nmethod 0x000002502a677888
Event: 5.733 Thread 0x000002503ecaa3c0 flushing  nmethod 0x000002502a6c2608
Event: 5.733 Thread 0x000002503ecaa3c0 flushing  nmethod 0x000002502a6c2f08
Event: 5.733 Thread 0x000002503ecaa3c0 flushing  nmethod 0x000002502a6f9208
Event: 5.733 Thread 0x000002503ecaa3c0 flushing  nmethod 0x000002502a8c5788
Event: 5.733 Thread 0x000002503ecaa3c0 flushing  nmethod 0x000002502aa88908
Event: 5.733 Thread 0x000002503ecaa3c0 flushing  nmethod 0x000002502aa88d08
Event: 5.733 Thread 0x000002503ecaa3c0 flushing  nmethod 0x000002502aad6708
Event: 5.733 Thread 0x000002503ecaa3c0 flushing  nmethod 0x000002502aada088
Event: 5.733 Thread 0x000002503ecaa3c0 flushing  nmethod 0x000002502abc5288
Event: 5.733 Thread 0x000002503ecaa3c0 flushing  nmethod 0x000002502abf7688

Events (20 events):
Event: 0.038 Thread 0x0000025021cdbb50 Thread added: 0x000002503eccc310
Event: 0.156 Thread 0x0000025021cdbb50 Thread added: 0x000002503ec8bb90
Event: 0.169 Thread 0x000002503eccc310 Thread added: 0x000002508420bcf0
Event: 0.212 Thread 0x000002503ecca0f0 Thread added: 0x0000025084208670
Event: 0.312 Thread 0x0000025021cdbb50 Thread added: 0x000002508457ec90
Event: 0.312 Thread 0x0000025021cdbb50 Thread added: 0x000002508457f300
Event: 0.962 Thread 0x0000025021cdbb50 Thread added: 0x0000025085483bf0
Event: 1.395 Thread 0x0000025021cdbb50 Thread added: 0x00000250858ec320
Event: 1.426 Thread 0x00000250858ec320 Thread exited: 0x00000250858ec320
Event: 1.557 Thread 0x0000025085483bf0 Thread exited: 0x0000025085483bf0
Event: 2.946 Thread 0x0000025021cdbb50 Thread added: 0x00000250860c1810
Event: 3.849 Thread 0x0000025084208670 Thread exited: 0x0000025084208670
Event: 3.887 Thread 0x0000025021cdbb50 Thread added: 0x00000250860c2530
Event: 3.990 Thread 0x00000250860c2530 Thread added: 0x00000250860c38e0
Event: 4.391 Thread 0x000002508420bcf0 Thread exited: 0x000002508420bcf0
Event: 4.564 Thread 0x000002503eccc310 Thread added: 0x0000025087359b40
Event: 4.998 Thread 0x000002503eccc310 Thread added: 0x0000025087357930
Event: 5.151 Thread 0x0000025021cdbb50 Thread added: 0x00000250860c66d0
Event: 5.152 Thread 0x00000250860c66d0 Thread added: 0x00000250860c4c90
Event: 5.155 Thread 0x0000025021cdbb50 Thread added: 0x00000250860c6d60


Dynamic libraries:
0x00007ff61b440000 - 0x00007ff61b450000 	C:\Program Files\Java\jdk-23\bin\java.exe
0x00007fff111e0000 - 0x00007fff11448000 	C:\WINDOWS\SYSTEM32\ntdll.dll
0x00007fff0f140000 - 0x00007fff0f209000 	C:\WINDOWS\System32\KERNEL32.DLL
0x00007fff0e330000 - 0x00007fff0e728000 	C:\WINDOWS\System32\KERNELBASE.dll
0x00007fff0ee30000 - 0x00007fff0ef7b000 	C:\WINDOWS\System32\ucrtbase.dll
0x00007ffef1e50000 - 0x00007ffef1e6b000 	C:\Program Files\Java\jdk-23\bin\VCRUNTIME140.dll
0x00007ffef1e70000 - 0x00007ffef1e87000 	C:\Program Files\Java\jdk-23\bin\jli.dll
0x00007fff101c0000 - 0x00007fff10387000 	C:\WINDOWS\System32\USER32.dll
0x00007fff0ee00000 - 0x00007fff0ee27000 	C:\WINDOWS\System32\win32u.dll
0x00007ffeed010000 - 0x00007ffeed2a4000 	C:\WINDOWS\WinSxS\amd64_microsoft.windows.common-controls_6595b64144ccf1df_6.0.26100.7019_none_3e06ffa0e335b8a8\COMCTL32.dll
0x00007fff10390000 - 0x00007fff103bb000 	C:\WINDOWS\System32\GDI32.dll
0x00007fff103c0000 - 0x00007fff10469000 	C:\WINDOWS\System32\msvcrt.dll
0x00007fff0eb70000 - 0x00007fff0ec9c000 	C:\WINDOWS\System32\gdi32full.dll
0x00007fff0eca0000 - 0x00007fff0ed43000 	C:\WINDOWS\System32\msvcp_win.dll
0x00007fff0f340000 - 0x00007fff0f371000 	C:\WINDOWS\System32\IMM32.DLL
0x00007fff08c00000 - 0x00007fff08c0c000 	C:\Program Files\Java\jdk-23\bin\vcruntime140_1.dll
0x00007ffed4fe0000 - 0x00007ffed506e000 	C:\Program Files\Java\jdk-23\bin\msvcp140.dll
0x00007ffe6c710000 - 0x00007ffe6d45f000 	C:\Program Files\Java\jdk-23\bin\server\jvm.dll
0x00007fff0f710000 - 0x00007fff0f7c4000 	C:\WINDOWS\System32\ADVAPI32.dll
0x00007fff0ff90000 - 0x00007fff10036000 	C:\WINDOWS\System32\sechost.dll
0x00007fff0f5f0000 - 0x00007fff0f708000 	C:\WINDOWS\System32\RPCRT4.dll
0x00007fff0f260000 - 0x00007fff0f2d4000 	C:\WINDOWS\System32\WS2_32.dll
0x00007fff0e190000 - 0x00007fff0e1ee000 	C:\WINDOWS\SYSTEM32\POWRPROF.dll
0x00007fff023b0000 - 0x00007fff023bb000 	C:\WINDOWS\SYSTEM32\VERSION.dll
0x00007fff02460000 - 0x00007fff02495000 	C:\WINDOWS\SYSTEM32\WINMM.dll
0x00007fff0e170000 - 0x00007fff0e184000 	C:\WINDOWS\SYSTEM32\UMPDC.dll
0x00007fff0d0f0000 - 0x00007fff0d10b000 	C:\WINDOWS\SYSTEM32\kernel.appcore.dll
0x00007fff01e40000 - 0x00007fff01e4a000 	C:\Program Files\Java\jdk-23\bin\jimage.dll
0x00007fff0b960000 - 0x00007fff0bba2000 	C:\WINDOWS\SYSTEM32\DBGHELP.DLL
0x00007fff104f0000 - 0x00007fff1087b000 	C:\WINDOWS\System32\combase.dll
0x00007fff0feb0000 - 0x00007fff0ff87000 	C:\WINDOWS\System32\OLEAUT32.dll
0x00007ffee8400000 - 0x00007ffee843c000 	C:\WINDOWS\SYSTEM32\dbgcore.DLL
0x00007fff0ed50000 - 0x00007fff0edf5000 	C:\WINDOWS\System32\bcryptPrimitives.dll
0x00007ffef6c40000 - 0x00007ffef6c4f000 	C:\Program Files\Java\jdk-23\bin\instrument.dll
0x00007ffeef900000 - 0x00007ffeef91e000 	C:\Program Files\Java\jdk-23\bin\java.dll
0x00007fff11000000 - 0x00007fff11197000 	C:\WINDOWS\System32\ole32.dll
0x00007fff10880000 - 0x00007fff10fcf000 	C:\WINDOWS\System32\SHELL32.dll
0x00007fff0e940000 - 0x00007fff0eaab000 	C:\WINDOWS\System32\wintypes.dll
0x00007fff0bf50000 - 0x00007fff0c7ad000 	C:\WINDOWS\SYSTEM32\windows.storage.dll
0x00007fff0f7d0000 - 0x00007fff0f8c2000 	C:\WINDOWS\System32\SHCORE.dll
0x00007fff0f9b0000 - 0x00007fff0fa17000 	C:\WINDOWS\System32\shlwapi.dll
0x00007fff0e250000 - 0x00007fff0e279000 	C:\WINDOWS\SYSTEM32\profapi.dll
0x00007ffec6180000 - 0x00007ffec6257000 	C:\Program Files\Java\jdk-23\bin\jsvml.dll
0x00007ffeeed40000 - 0x00007ffeeed57000 	C:\Program Files\Java\jdk-23\bin\zip.dll
0x00007ffeeee60000 - 0x00007ffeeee70000 	C:\Program Files\Java\jdk-23\bin\net.dll
0x00007fff0d660000 - 0x00007fff0d6cb000 	C:\WINDOWS\system32\mswsock.dll
0x00007ffeeee40000 - 0x00007ffeeee56000 	C:\Program Files\Java\jdk-23\bin\nio.dll
0x00007ffeeaaa0000 - 0x00007ffeeaaba000 	C:\Program Files\JetBrains\IntelliJ IDEA Community Edition 2024.3.1\bin\breakgen64.dll
0x00007ffeece30000 - 0x00007ffeece39000 	C:\Program Files\Java\jdk-23\bin\extnet.dll
0x00007fff0d930000 - 0x00007fff0d94b000 	C:\WINDOWS\SYSTEM32\CRYPTSP.dll
0x00007fff0d050000 - 0x00007fff0d08a000 	C:\WINDOWS\system32\rsaenh.dll
0x00007fff0d710000 - 0x00007fff0d73b000 	C:\WINDOWS\SYSTEM32\USERENV.dll
0x00007fff0e220000 - 0x00007fff0e24a000 	C:\WINDOWS\SYSTEM32\bcrypt.dll
0x00007fff0d920000 - 0x00007fff0d92c000 	C:\WINDOWS\SYSTEM32\CRYPTBASE.dll
0x00007fff0cc30000 - 0x00007fff0cc64000 	C:\WINDOWS\SYSTEM32\IPHLPAPI.DLL
0x00007fff10ff0000 - 0x00007fff10ffa000 	C:\WINDOWS\System32\NSI.dll
0x00007ffeeece0000 - 0x00007ffeeecee000 	C:\Program Files\Java\jdk-23\bin\sunmscapi.dll
0x00007fff0e730000 - 0x00007fff0e8a7000 	C:\WINDOWS\System32\CRYPT32.dll
0x00007fff0db40000 - 0x00007fff0db70000 	C:\WINDOWS\SYSTEM32\ncrypt.dll
0x00007fff0daf0000 - 0x00007fff0db2f000 	C:\WINDOWS\SYSTEM32\NTASN1.dll
0x00007ffee7840000 - 0x00007ffee784a000 	C:\Program Files\Java\jdk-23\bin\management.dll
0x00007ffee7830000 - 0x00007ffee783b000 	C:\Program Files\Java\jdk-23\bin\management_ext.dll
0x00007fff0f980000 - 0x00007fff0f988000 	C:\WINDOWS\System32\PSAPI.DLL
0x00007ffee6ef0000 - 0x00007ffee6f00000 	C:\Program Files\Java\jdk-23\bin\verify.dll
0x00007fff0cc70000 - 0x00007fff0cd9c000 	C:\WINDOWS\SYSTEM32\DNSAPI.dll
0x00007fff01a90000 - 0x00007fff01a9b000 	C:\Windows\System32\rasadhlp.dll
0x00007fff05ed0000 - 0x00007fff05f56000 	C:\WINDOWS\System32\fwpuclnt.dll

dbghelp: loaded successfully - version: 4.0.5 - missing functions: none
symbol engine: initialized successfully - sym options: 0x614 - pdb path: .;C:\Program Files\Java\jdk-23\bin;C:\WINDOWS\SYSTEM32;C:\WINDOWS\WinSxS\amd64_microsoft.windows.common-controls_6595b64144ccf1df_6.0.26100.7019_none_3e06ffa0e335b8a8;C:\Program Files\Java\jdk-23\bin\server;C:\Program Files\JetBrains\IntelliJ IDEA Community Edition 2024.3.1\bin

VM Arguments:
jvm_args: -javaagent:C:\Program Files\JetBrains\IntelliJ IDEA Community Edition 2024.3.1\lib\idea_rt.jar=52740:C:\Program Files\JetBrains\IntelliJ IDEA Community Edition 2024.3.1\bin -Dfile.encoding=UTF-8 -Dsun.stdout.encoding=UTF-8 -Dsun.stderr.encoding=UTF-8 
java_command: com.dailycodework.seasidehotel.SeaSideHotelApplication
java_class_path (initial): F:\MyProjects\lakeSide-hotel-demo-server-master\lakeSide-hotel-demo-server-master\target\classes;C:\Users\Arun7\.m2\repository\org\springframework\boot\spring-boot-starter-data-jpa\3.1.4\spring-boot-starter-data-jpa-3.1.4.jar;C:\Users\Arun7\.m2\repository\org\springframework\boot\spring-boot-starter-aop\3.1.4\spring-boot-starter-aop-3.1.4.jar;C:\Users\Arun7\.m2\repository\org\aspectj\aspectjweaver\1.9.20\aspectjweaver-1.9.20.jar;C:\Users\Arun7\.m2\repository\org\springframework\boot\spring-boot-starter-jdbc\3.1.4\spring-boot-starter-jdbc-3.1.4.jar;C:\Users\Arun7\.m2\repository\com\zaxxer\HikariCP\5.0.1\HikariCP-5.0.1.jar;C:\Users\Arun7\.m2\repository\org\springframework\spring-jdbc\6.0.12\spring-jdbc-6.0.12.jar;C:\Users\Arun7\.m2\repository\org\hibernate\orm\hibernate-core\6.2.9.Final\hibernate-core-6.2.9.Final.jar;C:\Users\Arun7\.m2\repository\jakarta\persistence\jakarta.persistence-api\3.1.0\jakarta.persistence-api-3.1.0.jar;C:\Users\Arun7\.m2\repository\jakarta\transaction\jakarta.transaction-api\2.0.1\jakarta.transaction-api-2.0.1.jar;C:\Users\Arun7\.m2\repository\org\jboss\logging\jboss-logging\3.5.3.Final\jboss-logging-3.5.3.Final.jar;C:\Users\Arun7\.m2\repository\org\hibernate\common\hibernate-commons-annotations\6.0.6.Final\hibernate-commons-annotations-6.0.6.Final.jar;C:\Users\Arun7\.m2\repository\io\smallrye\jandex\3.0.5\jandex-3.0.5.jar;C:\Users\Arun7\.m2\repository\com\fasterxml\classmate\1.5.1\classmate-1.5.1.jar;C:\Users\Arun7\.m2\repository\net\bytebuddy\byte-buddy\1.14.8\byte-buddy-1.14.8.jar;C:\Users\Arun7\.m2\repository\org\glassfish\jaxb\jaxb-runtime\4.0.3\jaxb-runtime-4.0.3.jar;C:\Users\Arun7\.m2\repository\org\glassfish\jaxb\jaxb-core\4.0.3\jaxb-core-4.0.3.jar;C:\Users\Arun7\.m2\repository\org\eclipse\angus\angus-activation\2.0.1\angus-activation-2.0.1.jar;C:\Users\Arun7\.m2\repository\org\glassfish\jaxb\txw2\4.0.3\txw2-4.0.3.jar;C:\Users\Arun7\.m2\repository\com\sun\istack\istack-commons-runtime\4.1.2\istack-commons-runtime-4.1.2.jar;C:\Users\Arun7\.m2\repository\jakarta\inject\jakarta.inject-api\2.0.1\jakarta.inject-api-2.0.1.jar;C:\Users\Arun7\.m2\repository\org\antlr\antlr4-runtime\4.10.1\antlr4-runtime-4.10.1.jar;C:\Users\Arun7\.m2\repository\org\springframework\data\spring-data-jpa\3.1.4\spring-data-jpa-3.1.4.jar;C:\Users\Arun7\.m2\repository\org\springframework\data\spring-data-commons\3.1.4\spring-data-commons-3.1.4.jar;C:\Users\Arun7\.m2\repository\org\springframework\spring-orm\6.0.12\spring-orm-6.0.12.jar;C:\Users\Arun7\.m2\repository\org\springframework\spring-context\6.0.12\spring-context-6.0.12.jar;C:\Users\Arun7\.m2\repository\org\springframework\spring-tx\6.0.12\spring-tx-6.0.12.jar;C:\Users\Arun7\.m2\repository\org\springframework\spring-beans\6.0.12\spring-beans-6.0.12.jar;C:\Users\Arun7\.m2\repository\jakarta\annotation\jakarta.annotation-api\2.1.1\jakarta.annotation-api-2.1.1.jar;C:\Users\Arun7\.m2\repository\org\slf4j\slf4j-api\2.0.9\slf4j-api-2.0.9.jar;C:\Users\Arun7\.m2\repository\org\springframework\spring-aspects\6.0.12\spring-aspects-6.0.12.jar;C:\Users\Arun7\.m2\repository\org\springframework\boot\spring-boot-starter-web\3.1.4\spring-boot-starter-web-3.1.4.jar;C:\Users\Arun7\.m2\repository\org\springframework\boot\spring-boot-starter\3.1.4\spring-boot-starter-3.1.4.jar;C:\Users\Arun7\.m2\repository\org\springframework\boot\spring-boot\3.1.4\spring-boot-3.1.4.jar;C:\Users\Arun7\.m2\repository\org\springframework\boot\spring-boot-autoconfigure\3.1.4\spring-boot-autoconfigure-3.1.4.jar;C:\Users\Arun7\.m2\repository\org\springframework\boot\spring-boot-starter-logging\3.1.4\spring-boot-starter-logging-3.1.4.jar;C:\Users\Arun7\.m2\repository\ch\qos\logback\logback-classic\1.4.11\logback-classic-1.4.11.jar;C:\Users\Arun7\.m2\repository\ch\qos\logback\logback-core\1.4.11\logback-core-1.4.11.jar;C:\Users\Arun7\.m2\repository\org\apache\logging\log4j\log4j-to-slf4j\2.20.0\log4j-to-slf4j-2.20.0.jar;C:\Users\Arun7\.m2\repository\org\apache\logging\log4j\log4j-api\2.20.0\log4j-api-2.20.0.jar;C:\Users\Arun7\.m2\repository\org\slf4j\jul-to-slf4j\2.0.9\jul-to-slf4j-2.0.9.jar;C:\Users\Arun7\.m2\repository\org\yaml\snakeyaml\1.33\snakeyaml-1.33.jar;C:\Users\Arun7\.m2\repository\org\springframework\boot\spring-boot-starter-json\3.1.4\spring-boot-starter-json-3.1.4.jar;C:\Users\Arun7\.m2\repository\com\fasterxml\jackson\datatype\jackson-datatype-jdk8\2.15.2\jackson-datatype-jdk8-2.15.2.jar;C:\Users\Arun7\.m2\repository\com\fasterxml\jackson\datatype\jackson-datatype-jsr310\2.15.2\jackson-datatype-jsr310-2.15.2.jar;C:\Users\Arun7\.m2\repository\com\fasterxml\jackson\module\jackson-module-parameter-names\2.15.2\jackson-module-parameter-names-2.15.2.jar;C:\Users\Arun7\.m2\repository\org\springframework\boot\spring-boot-starter-tomcat\3.1.4\spring-boot-starter-tomcat-3.1.4.jar;C:\Users\Arun7\.m2\repository\org\apache\tomcat\embed\tomcat-embed-core\10.1.13\tomcat-embed-core-10.1.13.jar;C:\Users\Arun7\.m2\repository\org\apache\tomcat\embed\tomcat-embed-websocket\10.1.13\tomcat-embed-websocket-10.1.13.jar;C:\Users\Arun7\.m2\repository\org\springframework\spring-web\6.0.12\spring-web-6.0.12.jar;C:\Users\Arun7\.m2\repository\io\micrometer\micrometer-observation\1.11.4\micrometer-observation-1.11.4.jar;C:\Users\Arun7\.m2\repository\io\micrometer\micrometer-commons\1.11.4\micrometer-commons-1.11.4.jar;C:\Users\Arun7\.m2\repository\org\springframework\spring-webmvc\6.0.12\spring-webmvc-6.0.12.jar;C:\Users\Arun7\.m2\repository\org\springframework\spring-expression\6.0.12\spring-expression-6.0.12.jar;C:\Users\Arun7\.m2\repository\org\springframework\boot\spring-boot-starter-security\3.1.4\spring-boot-starter-security-3.1.4.jar;C:\Users\Arun7\.m2\repository\org\springframework\spring-aop\6.0.12\spring-aop-6.0.12.jar;C:\Users\Arun7\.m2\repository\org\springframework\security\spring-security-config\6.1.4\spring-security-config-6.1.4.jar;C:\Users\Arun7\.m2\repository\org\springframework\security\spring-security-core\6.1.4\spring-security-core-6.1.4.jar;C:\Users\Arun7\.m2\repository\org\springframework\security\spring-security-crypto\6.1.4\spring-security-crypto-6.1.4.jar;C:\Users\Arun7\.m2\repository\org\springframework\security\spring-security-web\6.1.4\spring-security-web-6.1.4.jar;C:\Users\Arun7\.m2\repository\org\springframework\boot\spring-boot-starter-validation\3.1.4\spring-boot-starter-validation-3.1.4.jar;C:\Users\Arun7\.m2\repository\org\apache\tomcat\embed\tomcat-embed-el\10.1.13\tomcat-embed-el-10.1.13.jar;C:\Users\Arun7\.m2\repository\org\hibernate\validator\hibernate-validator\8.0.1.Final\hibernate-validator-8.0.1.Final.jar;C:\Users\Arun7\.m2\repository\jakarta\validation\jakarta.validation-api\3.0.2\jakarta.validation-api-3.0.2.jar;C:\Users\Arun7\.m2\repository\org\projectlombok\lombok\1.18.38\lombok-1.18.38.jar;C:\Users\Arun7\.m2\repository\com\mysql\mysql-connector-j\8.3.0\mysql-connector-j-8.3.0.jar;C:\Users\Arun7\.m2\repository\com\fasterxml\jackson\core\jackson-databind\2.15.2\jackson-databind-2.15.2.jar;C:\Users\Arun7\.m2\repository\com\fasterxml\jackson\core\jackson-annotations\2.15.2\jackson-annotations-2.15.2.jar;C:\Users\Arun7\.m2\repository\com\fasterxml\jackson\core\jackson-core\2.15.2\jackson-core-2.15.2.jar;C:\Users\Arun7\.m2\repository\org\apache\commons\commons-lang3\3.12.0\commons-lang3-3.12.0.jar;C:\Users\Arun7\.m2\repository\org\springframework\boot\spring-boot-configuration-processor\3.1.4\spring-boot-configuration-processor-3.1.4.jar;C:\Users\Arun7\.m2\repository\io\jsonwebtoken\jjwt-api\0.11.5\jjwt-api-0.11.5.jar;C:\Users\Arun7\.m2\repository\io\jsonwebtoken\jjwt-impl\0.11.5\jjwt-impl-0.11.5.jar;C:\Users\Arun7\.m2\repository\io\jsonwebtoken\jjwt-jackson\0.11.5\jjwt-jackson-0.11.5.jar;C:\Users\Arun7\.m2\repository\jakarta\xml\bind\jakarta.xml.bind-api\4.0.1\jakarta.xml.bind-api-4.0.1.jar;C:\Users\Arun7\.m2\repository\jakarta\activation\jakarta.activation-api\2.1.2\jakarta.activation-api-2.1.2.jar;C:\Users\Arun7\.m2\repository\org\springframework\spring-core\6.0.12\spring-core-6.0.12.jar;C:\Users\Arun7\.m2\repository\org\springframework\spring-jcl\6.0.12\spring-jcl-6.0.12.jar
Launcher Type: SUN_STANDARD

[Global flags]
     intx CICompilerCount                          = 4                                         {product} {ergonomic}
     uint ConcGCThreads                            = 3                                         {product} {ergonomic}
     uint G1ConcRefinementThreads                  = 10                                        {product} {ergonomic}
   size_t G1HeapRegionSize                         = 1048576                                   {product} {ergonomic}
   size_t InitialHeapSize                          = 130023424                                 {product} {ergonomic}
   size_t MarkStackSize                            = 4194304                                   {product} {ergonomic}
   size_t MarkStackSizeMax                         = 536870912                                 {product} {ergonomic}
   size_t MaxHeapSize                              = 2061500416                                {product} {ergonomic}
   size_t MaxNewSize                               = 1236271104                                {product} {ergonomic}
   size_t MinHeapDeltaBytes                        = 1048576                                   {product} {ergonomic}
   size_t MinHeapSize                              = 8388608                                   {product} {ergonomic}
    uintx NonNMethodCodeHeapSize                   = 5832704                                {pd product} {ergonomic}
    uintx NonProfiledCodeHeapSize                  = 122945536                              {pd product} {ergonomic}
    uintx ProfiledCodeHeapSize                     = 122880000                              {pd product} {ergonomic}
    uintx ReservedCodeCacheSize                    = 251658240                              {pd product} {ergonomic}
     bool SegmentedCodeCache                       = true                                      {product} {ergonomic}
   size_t SoftMaxHeapSize                          = 2061500416                             {manageable} {ergonomic}
     bool UseCompressedOops                        = true                           {product lp64_product} {ergonomic}
     bool UseG1GC                                  = true                                      {product} {ergonomic}
     bool UseLargePagesIndividualAllocation        = false                                  {pd product} {ergonomic}

Logging:
Log output configuration:
 #0: stdout all=warning uptime,level,tags foldmultilines=false
 #1: stderr all=off uptime,level,tags foldmultilines=false

Environment Variables:
JAVA_HOME=C:\Program Files\Java\jdk-23
PATH=C:\windows\system32;C:\windows;C:\windows\System32\Wbem;C:\windows\System32\WindowsPowerShell\v1.0\;C:\windows\System32\OpenSSH\;C:\Program Files (x86)\NVIDIA Corporation\PhysX\Common;C:\Program Files\NVIDIA Corporation\NVIDIA NvDLISR;C:\mongosh-2.0.2-win32-x64\mongosh-2.0.2-win32-x64\bin;C:\Program Files\MongoDB\Server\7.0\bin;C:\Program Files\Git\cmd;C:\Program Files\Java\jdk-23\bin;C:\MinGW\bin;C:\Program Files\nodejs\;C:\Program Files\nodejs;C:\WINDOWS\system32;C:\WINDOWS;C:\WINDOWS\System32\Wbem;C:\WINDOWS\System32\WindowsPowerShell\v1.0\;C:\WINDOWS\System32\OpenSSH\;C:\Program Files\apache-maven-3.9.11\bin;C:\Users\Arun7\AppData\Local\Programs\Python\Python311\Scripts\;C:\Users\Arun7\AppData\Local\Programs\Python\Python311\;C:\Users\Arun7\AppData\Local\Microsoft\WindowsApps;C:\MinGW\bin;C:\flutter\bin;C:\Users\Arun7\AppData\Local\Programs\Microsoft VS Code\bin;C:\Users\Arun7\AppData\Roaming\npm;C:\Program Files\Android\Android Studio\bin;C:\Program Files\Java\jdk-17.0.12;C:\Program Files\PostgreSQL\16\bin;
USERNAME=Arun7
OS=Windows_NT
PROCESSOR_IDENTIFIER=Intel64 Family 6 Model 154 Stepping 3, GenuineIntel
TMP=C:\Users\Arun7\AppData\Local\Temp
TEMP=C:\Users\Arun7\AppData\Local\Temp




Periodic native trim disabled

---------------  S Y S T E M  ---------------

OS:
 Windows 11 , 64 bit Build 26100 (10.0.26100.7019)
OS uptime: 1 days 1:34 hours
Hyper-V role detected

CPU: total 12 (initial active 12) (6 cores per cpu, 2 threads per core) family 6 model 154 stepping 3 microcode 0x434, cx8, cmov, fxsr, ht, mmx, 3dnowpref, sse, sse2, sse3, ssse3, sse4.1, sse4.2, popcnt, lzcnt, tsc, tscinvbit, avx, avx2, aes, erms, clmul, bmi1, bmi2, adx, sha, fma, vzeroupper, clflush, clflushopt, clwb, hv, serialize, rdtscp, rdpid, fsrm, gfni, f16c, cet_ibt, cet_ss
Processor Information for processor 0
  Max Mhz: 2000, Current Mhz: 2000, Mhz Limit: 2000
Processor Information for processor 1
  Max Mhz: 2000, Current Mhz: 2000, Mhz Limit: 2000
Processor Information for processor 2
  Max Mhz: 2000, Current Mhz: 2000, Mhz Limit: 2000
Processor Information for processor 3
  Max Mhz: 2000, Current Mhz: 1520, Mhz Limit: 2000
Processor Information for processor 4
  Max Mhz: 2000, Current Mhz: 2000, Mhz Limit: 2000
Processor Information for processor 5
  Max Mhz: 2000, Current Mhz: 2000, Mhz Limit: 2000
Processor Information for processor 6
  Max Mhz: 2000, Current Mhz: 2000, Mhz Limit: 2000
Processor Information for processor 7
  Max Mhz: 2000, Current Mhz: 1520, Mhz Limit: 2000
Processor Information for processor 8
  Max Mhz: 2000, Current Mhz: 2000, Mhz Limit: 2000
Processor Information for processor 9
  Max Mhz: 2000, Current Mhz: 2000, Mhz Limit: 2000
Processor Information for processor 10
  Max Mhz: 2000, Current Mhz: 2000, Mhz Limit: 2000
Processor Information for processor 11
  Max Mhz: 2000, Current Mhz: 1466, Mhz Limit: 2000

Memory: 4k page, system-wide physical 7860M (636M free)
TotalPageFile size 14266M (AvailPageFile size 4M)
current process WorkingSet (physical memory assigned to process): 293M, peak: 293M
current process commit charge ("private bytes"): 332M, peak: 333M

vm_info: Java HotSpot(TM) 64-Bit Server VM (23+37-2369) for windows-amd64 JRE (23+37-2369), built on 2024-08-20T16:01:23Z with MS VC++ 17.6 (VS2022)

END.
